<?xml version="1.0" encoding="UTF-8"?>
<!-- Generated by org.testng.reporters.JUnitReportReporter -->
<testsuite hostname="WIN-CNIQ7GSBK1T" failures="0" tests="3" name="demotest.DataTT" time="0.011" errors="0" timestamp="2024-08-16T15:32:15 IST" skipped="0">
  <testcase classname="demotest.DataTT" name="ff" time="0.001"/>
  <testcase classname="demotest.DataTT" name="ff" time="0.009"/>
  <testcase classname="demotest.DataTT" name="ff" time="0.001"/>
</testsuite> <!-- demotest.DataTT -->
